INFO 2025-03-05 03:12:34,567 autoreload Watching for file changes with StatReloader
INFO 2025-03-05 03:14:39,628 autoreload Watching for file changes with StatReloader
INFO 2025-03-05 03:16:08,883 autoreload C:\Users\Administrator\Desktop\crime_stat\backend\crime_analysis\settings.py changed, reloading.
INFO 2025-03-05 03:16:10,937 autoreload Watching for file changes with StatReloader
INFO 2025-03-05 03:16:28,452 autoreload Watching for file changes with StatReloader
INFO 2025-03-05 03:17:23,714 autoreload Watching for file changes with StatReloader
INFO 2025-03-05 11:37:52,065 autoreload Watching for file changes with StatReloader
INFO 2025-03-05 12:00:09,871 autoreload C:\Users\Administrator\Desktop\crime_stat\backend\crime_analysis\settings.py changed, reloading.
INFO 2025-03-05 12:00:13,311 autoreload Watching for file changes with StatReloader
INFO 2025-03-05 12:00:15,446 autoreload C:\Users\Administrator\Desktop\crime_stat\backend\crime_analysis\settings.py changed, reloading.
INFO 2025-03-05 12:00:18,847 autoreload Watching for file changes with StatReloader
INFO 2025-03-05 12:00:41,100 autoreload C:\Users\Administrator\Desktop\crime_stat\backend\crime_analysis\settings.py changed, reloading.
INFO 2025-03-05 12:00:43,799 autoreload Watching for file changes with StatReloader
INFO 2025-03-05 12:00:54,070 autoreload C:\Users\Administrator\Desktop\crime_stat\backend\crime_analysis\settings.py changed, reloading.
INFO 2025-03-05 12:00:56,472 autoreload Watching for file changes with StatReloader
INFO 2025-03-05 12:01:02,506 autoreload C:\Users\Administrator\Desktop\crime_stat\backend\crime_analysis\settings.py changed, reloading.
INFO 2025-03-05 12:01:05,767 autoreload Watching for file changes with StatReloader
INFO 2025-03-05 12:03:07,665 autoreload C:\Users\Administrator\Desktop\crime_stat\backend\crime_analysis\settings.py changed, reloading.
INFO 2025-03-05 12:25:51,545 autoreload Watching for file changes with StatReloader
INFO 2025-03-05 12:32:59,428 autoreload C:\Users\Administrator\Desktop\crime_stat\backend\crime_analysis\settings.py changed, reloading.
INFO 2025-03-05 12:33:01,763 autoreload Watching for file changes with StatReloader
INFO 2025-03-05 12:33:26,366 autoreload Watching for file changes with StatReloader
INFO 2025-03-05 12:34:36,489 autoreload Watching for file changes with StatReloader
INFO 2025-03-05 12:36:02,689 autoreload C:\Users\Administrator\Desktop\crime_stat\backend\agencies\admin.py changed, reloading.
INFO 2025-03-05 12:36:05,888 autoreload Watching for file changes with StatReloader
INFO 2025-03-05 12:36:22,502 autoreload Watching for file changes with StatReloader
INFO 2025-03-05 12:37:06,341 autoreload Watching for file changes with StatReloader
INFO 2025-03-05 12:38:27,327 autoreload C:\Users\Administrator\Desktop\crime_stat\backend\crimes\admin.py changed, reloading.
INFO 2025-03-05 12:38:30,825 autoreload Watching for file changes with StatReloader
INFO 2025-03-05 12:38:58,075 autoreload C:\Users\Administrator\Desktop\crime_stat\backend\crimes\admin.py changed, reloading.
INFO 2025-03-05 12:39:01,039 autoreload Watching for file changes with StatReloader
INFO 2025-03-05 12:39:04,470 autoreload C:\Users\Administrator\Desktop\crime_stat\backend\crimes\admin.py changed, reloading.
INFO 2025-03-05 12:39:07,208 autoreload Watching for file changes with StatReloader
INFO 2025-03-05 12:39:17,512 autoreload C:\Users\Administrator\Desktop\crime_stat\backend\crimes\admin.py changed, reloading.
INFO 2025-03-05 12:39:20,467 autoreload Watching for file changes with StatReloader
INFO 2025-03-05 12:39:48,219 autoreload Watching for file changes with StatReloader
INFO 2025-03-05 13:16:12,136 autoreload C:\Users\Administrator\Desktop\crime_stat\backend\alerts\admin.py changed, reloading.
INFO 2025-03-05 13:16:19,765 autoreload Watching for file changes with StatReloader
INFO 2025-03-05 13:16:31,509 autoreload C:\Users\Administrator\Desktop\crime_stat\backend\analytics\admin.py changed, reloading.
INFO 2025-03-05 13:16:35,484 autoreload Watching for file changes with StatReloader
INFO 2025-03-05 13:16:43,434 autoreload C:\Users\Administrator\Desktop\crime_stat\backend\analytics\admin.py changed, reloading.
INFO 2025-03-05 13:16:47,746 autoreload Watching for file changes with StatReloader
INFO 2025-03-05 13:16:59,237 autoreload C:\Users\Administrator\Desktop\crime_stat\backend\analytics\admin.py changed, reloading.
INFO 2025-03-05 13:17:04,211 autoreload Watching for file changes with StatReloader
INFO 2025-03-05 13:17:34,077 autoreload Watching for file changes with StatReloader
INFO 2025-03-05 13:19:24,823 autoreload Watching for file changes with StatReloader
INFO 2025-03-05 13:20:00,135 autoreload C:\Users\Administrator\Desktop\crime_stat\backend\reports\views.py changed, reloading.
INFO 2025-03-05 13:20:03,199 autoreload Watching for file changes with StatReloader
INFO 2025-03-05 13:20:10,632 autoreload C:\Users\Administrator\Desktop\crime_stat\backend\reports\views.py changed, reloading.
INFO 2025-03-05 13:20:13,738 autoreload Watching for file changes with StatReloader
INFO 2025-03-05 13:20:21,203 autoreload C:\Users\Administrator\Desktop\crime_stat\backend\reports\views.py changed, reloading.
INFO 2025-03-05 13:20:23,985 autoreload Watching for file changes with StatReloader
INFO 2025-03-05 13:20:31,402 autoreload C:\Users\Administrator\Desktop\crime_stat\backend\reports\views.py changed, reloading.
INFO 2025-03-05 13:20:34,562 autoreload Watching for file changes with StatReloader
INFO 2025-03-05 13:20:57,588 autoreload Watching for file changes with StatReloader
INFO 2025-03-05 13:23:12,769 autoreload C:\Users\Administrator\Desktop\crime_stat\backend\reports\views.py changed, reloading.
INFO 2025-03-05 13:23:16,192 autoreload Watching for file changes with StatReloader
INFO 2025-03-05 13:23:40,430 autoreload Watching for file changes with StatReloader
INFO 2025-03-05 14:01:36,758 autoreload Watching for file changes with StatReloader
INFO 2025-03-05 21:20:10,248 autoreload Watching for file changes with StatReloader
INFO 2025-03-05 22:06:11,959 autoreload Watching for file changes with StatReloader
WARNING 2025-03-05 22:06:29,568 log Not Found: /
WARNING 2025-03-05 22:06:29,639 basehttp "GET / HTTP/1.1" 404 2654
WARNING 2025-03-05 22:06:29,889 log Not Found: /favicon.ico
WARNING 2025-03-05 22:06:29,892 basehttp "GET /favicon.ico HTTP/1.1" 404 2705
INFO 2025-03-05 22:06:37,720 basehttp "GET /admin HTTP/1.1" 301 0
INFO 2025-03-05 22:06:37,909 basehttp "GET /admin/ HTTP/1.1" 302 0
INFO 2025-03-05 22:06:38,254 basehttp "GET /admin/login/?next=/admin/ HTTP/1.1" 200 4160
INFO 2025-03-05 22:06:38,715 basehttp "GET /static/admin/css/base.css HTTP/1.1" 200 22092
INFO 2025-03-05 22:06:38,840 basehttp "GET /static/admin/css/nav_sidebar.css HTTP/1.1" 200 2810
INFO 2025-03-05 22:06:38,868 basehttp "GET /static/admin/css/responsive.css HTTP/1.1" 200 17972
INFO 2025-03-05 22:06:38,890 basehttp "GET /static/admin/css/login.css HTTP/1.1" 200 951
INFO 2025-03-05 22:06:38,891 basehttp "GET /static/admin/css/dark_mode.css HTTP/1.1" 200 2804
INFO 2025-03-05 22:06:38,908 basehttp "GET /static/admin/js/theme.js HTTP/1.1" 200 1653
INFO 2025-03-05 22:06:38,992 basehttp "GET /static/admin/js/nav_sidebar.js HTTP/1.1" 200 3063
WARNING 2025-03-05 22:06:46,531 log Not Found: /
WARNING 2025-03-05 22:06:46,534 basehttp "GET / HTTP/1.1" 404 2654
WARNING 2025-03-05 22:06:55,557 log Not Found: /api/
WARNING 2025-03-05 22:06:55,561 basehttp "GET /api/ HTTP/1.1" 404 2684
WARNING 2025-03-05 22:07:03,384 log Not Found: /api/v1/
WARNING 2025-03-05 22:07:03,386 basehttp "GET /api/v1/ HTTP/1.1" 404 5100
WARNING 2025-03-05 22:07:12,265 log Not Found: /swagger/
WARNING 2025-03-05 22:07:12,267 basehttp "GET /swagger/ HTTP/1.1" 404 2696
INFO 2025-03-05 22:07:55,486 autoreload C:\Users\Administrator\Desktop\crime_stat\backend\crime_analysis\urls.py changed, reloading.
INFO 2025-03-05 22:07:59,603 autoreload Watching for file changes with StatReloader
WARNING 2025-03-05 22:08:30,821 log Not Found: /swagger/
WARNING 2025-03-05 22:08:30,824 basehttp "GET /swagger/ HTTP/1.1" 404 2696
WARNING 2025-03-05 22:08:32,077 log Not Found: /swagger/
WARNING 2025-03-05 22:08:32,078 basehttp "GET /swagger/ HTTP/1.1" 404 2696
WARNING 2025-03-05 22:08:42,953 log Not Found: /api/
WARNING 2025-03-05 22:08:42,955 basehttp "GET /api/ HTTP/1.1" 404 2684
WARNING 2025-03-05 22:08:48,982 log Not Found: /api/v1/
WARNING 2025-03-05 22:08:48,986 basehttp "GET /api/v1/ HTTP/1.1" 404 5100
WARNING 2025-03-05 22:09:02,668 log Unauthorized: /api/v1/accounts/
WARNING 2025-03-05 22:09:02,670 basehttp "GET /api/v1/accounts/ HTTP/1.1" 401 5069
INFO 2025-03-05 22:09:03,169 basehttp "GET /static/rest_framework/css/bootstrap-tweaks.css HTTP/1.1" 200 3426
INFO 2025-03-05 22:09:03,205 basehttp "GET /static/rest_framework/css/bootstrap.min.css HTTP/1.1" 200 121457
INFO 2025-03-05 22:09:03,260 basehttp "GET /static/rest_framework/css/prettify.css HTTP/1.1" 200 817
INFO 2025-03-05 22:09:03,270 basehttp "GET /static/rest_framework/css/default.css HTTP/1.1" 200 1152
INFO 2025-03-05 22:09:03,428 basehttp "GET /static/rest_framework/js/default.js HTTP/1.1" 200 1268
INFO 2025-03-05 22:09:03,495 basehttp "GET /static/rest_framework/js/prettify-min.js HTTP/1.1" 200 13632
INFO 2025-03-05 22:09:03,521 basehttp "GET /static/rest_framework/js/csrf.js HTTP/1.1" 200 1793
INFO 2025-03-05 22:09:03,527 basehttp "GET /static/rest_framework/js/bootstrap.min.js HTTP/1.1" 200 39680
INFO 2025-03-05 22:09:03,560 basehttp "GET /static/rest_framework/img/grid.png HTTP/1.1" 200 1458
INFO 2025-03-05 22:09:03,567 basehttp "GET /static/rest_framework/js/load-ajax-form.js HTTP/1.1" 200 59
INFO 2025-03-05 22:09:03,642 basehttp "GET /static/rest_framework/js/ajax-form.js HTTP/1.1" 200 3796
INFO 2025-03-05 22:09:03,732 basehttp "GET /static/rest_framework/js/jquery-3.7.1.min.js HTTP/1.1" 200 87533
WARNING 2025-03-05 22:09:14,927 log Unauthorized: /api/v1/accounts/
WARNING 2025-03-05 22:09:14,929 basehttp "GET /api/v1/accounts/ HTTP/1.1" 401 5069
WARNING 2025-03-05 22:09:17,635 log Unauthorized: /api/v1/accounts/
WARNING 2025-03-05 22:09:17,636 basehttp "GET /api/v1/accounts/?format=json HTTP/1.1" 401 58
WARNING 2025-03-05 23:15:06,015 log Unauthorized: /api/v1/accounts/
WARNING 2025-03-05 23:15:06,037 basehttp "GET /api/v1/accounts/?format=json HTTP/1.1" 401 58
INFO 2025-03-05 23:15:15,110 basehttp "GET /admin/ HTTP/1.1" 302 0
INFO 2025-03-05 23:15:15,230 basehttp "GET /admin/login/?next=/admin/ HTTP/1.1" 200 4160
INFO 2025-03-05 23:15:31,200 basehttp "POST /admin/login/?next=/admin/ HTTP/1.1" 302 0
INFO 2025-03-05 23:15:31,482 basehttp "GET /admin/ HTTP/1.1" 200 21691
INFO 2025-03-05 23:15:31,532 basehttp "GET /static/admin/css/dashboard.css HTTP/1.1" 200 441
INFO 2025-03-05 23:15:31,581 basehttp "GET /static/admin/img/icon-addlink.svg HTTP/1.1" 200 331
INFO 2025-03-05 23:15:31,582 basehttp "GET /static/admin/img/icon-changelink.svg HTTP/1.1" 200 380
INFO 2025-03-05 23:15:42,044 basehttp "GET /admin/etl/datasource/add/ HTTP/1.1" 200 27356
INFO 2025-03-05 23:15:42,137 basehttp "GET /static/admin/css/forms.css HTTP/1.1" 200 8794
INFO 2025-03-05 23:15:42,325 basehttp "GET /static/admin/js/jquery.init.js HTTP/1.1" 200 347
INFO 2025-03-05 23:15:42,326 basehttp "GET /static/admin/js/actions.js HTTP/1.1" 200 8076
INFO 2025-03-05 23:15:42,347 basehttp "GET /static/admin/js/core.js HTTP/1.1" 200 6208
INFO 2025-03-05 23:15:42,451 basehttp "GET /static/admin/css/widgets.css HTTP/1.1" 200 11564
INFO 2025-03-05 23:15:42,460 basehttp "GET /static/admin/js/admin/RelatedObjectLookups.js HTTP/1.1" 200 9097
INFO 2025-03-05 23:15:42,535 basehttp "GET /static/admin/js/urlify.js HTTP/1.1" 200 7887
INFO 2025-03-05 23:15:42,587 basehttp "GET /static/admin/js/vendor/jquery/jquery.js HTTP/1.1" 200 285314
INFO 2025-03-05 23:15:42,603 basehttp "GET /static/admin/js/prepopulate.js HTTP/1.1" 200 1531
INFO 2025-03-05 23:15:42,609 basehttp "GET /static/admin/js/prepopulate_init.js HTTP/1.1" 200 586
INFO 2025-03-05 23:15:42,717 basehttp "GET /admin/jsi18n/ HTTP/1.1" 200 3342
INFO 2025-03-05 23:15:42,817 basehttp "GET /static/admin/img/icon-viewlink.svg HTTP/1.1" 200 581
INFO 2025-03-05 23:15:42,863 basehttp "GET /static/admin/js/change_form.js HTTP/1.1" 200 606
INFO 2025-03-05 23:15:42,942 basehttp "GET /static/admin/js/vendor/xregexp/xregexp.js HTTP/1.1" 200 325171
INFO 2025-03-05 23:30:34,449 basehttp "GET /admin/agencies/agencyapiconfig/ HTTP/1.1" 200 21059
INFO 2025-03-05 23:30:34,539 basehttp "GET /static/admin/css/changelists.css HTTP/1.1" 200 6878
INFO 2025-03-05 23:30:34,696 basehttp "GET /static/admin/img/search.svg HTTP/1.1" 200 458
INFO 2025-03-05 23:30:35,145 basehttp "GET /admin/jsi18n/ HTTP/1.1" 200 3342
INFO 2025-03-05 23:30:35,356 basehttp "GET /static/admin/js/filters.js HTTP/1.1" 200 978
INFO 2025-03-05 23:30:35,436 basehttp "GET /static/admin/img/tooltag-add.svg HTTP/1.1" 200 331
INFO 2025-03-05 23:30:38,932 basehttp "GET /admin/agencies/agencyapiconfig/add/ HTTP/1.1" 200 27716
INFO 2025-03-05 23:30:39,410 basehttp "GET /admin/jsi18n/ HTTP/1.1" 200 3342
INFO 2025-03-05 23:30:56,224 basehttp "GET /admin/agencies/agency/ HTTP/1.1" 200 21507
INFO 2025-03-05 23:30:56,498 basehttp "GET /admin/jsi18n/ HTTP/1.1" 200 3342
INFO 2025-03-05 23:31:01,809 basehttp "GET /admin/accounts/loginhistory/add/ HTTP/1.1" 200 24153
INFO 2025-03-05 23:31:01,968 basehttp "GET /static/admin/img/icon-yes.svg HTTP/1.1" 200 436
INFO 2025-03-05 23:31:02,356 basehttp "GET /admin/jsi18n/ HTTP/1.1" 200 3342
INFO 2025-03-05 23:31:08,532 basehttp "GET /admin/accounts/userprofile/ HTTP/1.1" 200 19900
INFO 2025-03-05 23:31:09,301 basehttp "GET /admin/jsi18n/ HTTP/1.1" 200 3342
INFO 2025-03-05 23:31:12,407 basehttp "GET /admin/accounts/userprofile/add/ HTTP/1.1" 200 26107
INFO 2025-03-05 23:31:13,055 basehttp "GET /admin/jsi18n/ HTTP/1.1" 200 3342
INFO 2025-03-05 23:33:37,407 basehttp "GET /admin/accounts/userprofile/add/ HTTP/1.1" 200 26107
INFO 2025-03-05 23:53:49,022 basehttp "GET /admin/accounts/userprofile/add/ HTTP/1.1" 200 26107
ERROR 2025-03-05 23:53:59,244 log Internal Server Error: /admin/alerts/alert/add/
Traceback (most recent call last):
  File "C:\Users\Administrator\Desktop\crime_stat\backend\venv\Lib\site-packages\django\template\backends\django.py", line 79, in get_template
    return Template(self.engine.get_template(template_name), self)
                    ^^^^^^^^^^^^^^^^^^^^^^^^^^^^^^^^^^^^^^^
  File "C:\Users\Administrator\Desktop\crime_stat\backend\venv\Lib\site-packages\django\template\engine.py", line 177, in get_template
    template, origin = self.find_template(template_name)
                       ^^^^^^^^^^^^^^^^^^^^^^^^^^^^^^^^^
  File "C:\Users\Administrator\Desktop\crime_stat\backend\venv\Lib\site-packages\django\template\engine.py", line 163, in find_template
    raise TemplateDoesNotExist(name, tried=tried)
django.template.exceptions.TemplateDoesNotExist: gis/openlayers-osm.html

The above exception was the direct cause of the following exception:

Traceback (most recent call last):
  File "C:\Users\Administrator\Desktop\crime_stat\backend\venv\Lib\site-packages\django\template\backends\django.py", line 107, in render
    return self.template.render(context)
           ^^^^^^^^^^^^^^^^^^^^^^^^^^^^^
  File "C:\Users\Administrator\Desktop\crime_stat\backend\venv\Lib\site-packages\django\template\base.py", line 171, in render
    return self._render(context)
           ^^^^^^^^^^^^^^^^^^^^^
  File "C:\Users\Administrator\Desktop\crime_stat\backend\venv\Lib\site-packages\django\template\base.py", line 163, in _render
    return self.nodelist.render(context)
           ^^^^^^^^^^^^^^^^^^^^^^^^^^^^^
  File "C:\Users\Administrator\Desktop\crime_stat\backend\venv\Lib\site-packages\django\template\base.py", line 1008, in render
    return SafeString("".join([node.render_annotated(context) for node in self]))
                               ^^^^^^^^^^^^^^^^^^^^^^^^^^^^^^
  File "C:\Users\Administrator\Desktop\crime_stat\backend\venv\Lib\site-packages\django\template\base.py", line 969, in render_annotated
    return self.render(context)
           ^^^^^^^^^^^^^^^^^^^^
  File "C:\Users\Administrator\Desktop\crime_stat\backend\venv\Lib\site-packages\django\template\loader_tags.py", line 159, in render
    return compiled_parent._render(context)
           ^^^^^^^^^^^^^^^^^^^^^^^^^^^^^^^^
  File "C:\Users\Administrator\Desktop\crime_stat\backend\venv\Lib\site-packages\django\template\base.py", line 163, in _render
    return self.nodelist.render(context)
           ^^^^^^^^^^^^^^^^^^^^^^^^^^^^^
  File "C:\Users\Administrator\Desktop\crime_stat\backend\venv\Lib\site-packages\django\template\base.py", line 1008, in render
    return SafeString("".join([node.render_annotated(context) for node in self]))
                               ^^^^^^^^^^^^^^^^^^^^^^^^^^^^^^
  File "C:\Users\Administrator\Desktop\crime_stat\backend\venv\Lib\site-packages\django\template\base.py", line 969, in render_annotated
    return self.render(context)
           ^^^^^^^^^^^^^^^^^^^^
  File "C:\Users\Administrator\Desktop\crime_stat\backend\venv\Lib\site-packages\django\template\loader_tags.py", line 159, in render
    return compiled_parent._render(context)
           ^^^^^^^^^^^^^^^^^^^^^^^^^^^^^^^^
  File "C:\Users\Administrator\Desktop\crime_stat\backend\venv\Lib\site-packages\django\template\base.py", line 163, in _render
    return self.nodelist.render(context)
           ^^^^^^^^^^^^^^^^^^^^^^^^^^^^^
  File "C:\Users\Administrator\Desktop\crime_stat\backend\venv\Lib\site-packages\django\template\base.py", line 1008, in render
    return SafeString("".join([node.render_annotated(context) for node in self]))
                               ^^^^^^^^^^^^^^^^^^^^^^^^^^^^^^
  File "C:\Users\Administrator\Desktop\crime_stat\backend\venv\Lib\site-packages\django\template\base.py", line 969, in render_annotated
    return self.render(context)
           ^^^^^^^^^^^^^^^^^^^^
  File "C:\Users\Administrator\Desktop\crime_stat\backend\venv\Lib\site-packages\django\template\loader_tags.py", line 65, in render
    result = block.nodelist.render(context)
             ^^^^^^^^^^^^^^^^^^^^^^^^^^^^^^
  File "C:\Users\Administrator\Desktop\crime_stat\backend\venv\Lib\site-packages\django\template\base.py", line 1008, in render
    return SafeString("".join([node.render_annotated(context) for node in self]))
                               ^^^^^^^^^^^^^^^^^^^^^^^^^^^^^^
  File "C:\Users\Administrator\Desktop\crime_stat\backend\venv\Lib\site-packages\django\template\base.py", line 969, in render_annotated
    return self.render(context)
           ^^^^^^^^^^^^^^^^^^^^
  File "C:\Users\Administrator\Desktop\crime_stat\backend\venv\Lib\site-packages\django\template\loader_tags.py", line 65, in render
    result = block.nodelist.render(context)
             ^^^^^^^^^^^^^^^^^^^^^^^^^^^^^^
  File "C:\Users\Administrator\Desktop\crime_stat\backend\venv\Lib\site-packages\django\template\base.py", line 1008, in render
    return SafeString("".join([node.render_annotated(context) for node in self]))
                               ^^^^^^^^^^^^^^^^^^^^^^^^^^^^^^
  File "C:\Users\Administrator\Desktop\crime_stat\backend\venv\Lib\site-packages\django\template\base.py", line 969, in render_annotated
    return self.render(context)
           ^^^^^^^^^^^^^^^^^^^^
  File "C:\Users\Administrator\Desktop\crime_stat\backend\venv\Lib\site-packages\django\template\defaulttags.py", line 243, in render
    nodelist.append(node.render_annotated(context))
                    ^^^^^^^^^^^^^^^^^^^^^^^^^^^^^^
  File "C:\Users\Administrator\Desktop\crime_stat\backend\venv\Lib\site-packages\django\template\base.py", line 969, in render_annotated
    return self.render(context)
           ^^^^^^^^^^^^^^^^^^^^
  File "C:\Users\Administrator\Desktop\crime_stat\backend\venv\Lib\site-packages\django\template\loader_tags.py", line 210, in render
    return template.render(context)
           ^^^^^^^^^^^^^^^^^^^^^^^^
  File "C:\Users\Administrator\Desktop\crime_stat\backend\venv\Lib\site-packages\django\template\base.py", line 173, in render
    return self._render(context)
           ^^^^^^^^^^^^^^^^^^^^^
  File "C:\Users\Administrator\Desktop\crime_stat\backend\venv\Lib\site-packages\django\template\base.py", line 163, in _render
    return self.nodelist.render(context)
           ^^^^^^^^^^^^^^^^^^^^^^^^^^^^^
  File "C:\Users\Administrator\Desktop\crime_stat\backend\venv\Lib\site-packages\django\template\base.py", line 1008, in render
    return SafeString("".join([node.render_annotated(context) for node in self]))
                               ^^^^^^^^^^^^^^^^^^^^^^^^^^^^^^
  File "C:\Users\Administrator\Desktop\crime_stat\backend\venv\Lib\site-packages\django\template\base.py", line 969, in render_annotated
    return self.render(context)
           ^^^^^^^^^^^^^^^^^^^^
  File "C:\Users\Administrator\Desktop\crime_stat\backend\venv\Lib\site-packages\django\template\defaulttags.py", line 243, in render
    nodelist.append(node.render_annotated(context))
                    ^^^^^^^^^^^^^^^^^^^^^^^^^^^^^^
  File "C:\Users\Administrator\Desktop\crime_stat\backend\venv\Lib\site-packages\django\template\base.py", line 969, in render_annotated
    return self.render(context)
           ^^^^^^^^^^^^^^^^^^^^
  File "C:\Users\Administrator\Desktop\crime_stat\backend\venv\Lib\site-packages\django\template\defaulttags.py", line 243, in render
    nodelist.append(node.render_annotated(context))
                    ^^^^^^^^^^^^^^^^^^^^^^^^^^^^^^
  File "C:\Users\Administrator\Desktop\crime_stat\backend\venv\Lib\site-packages\django\template\base.py", line 969, in render_annotated
    return self.render(context)
           ^^^^^^^^^^^^^^^^^^^^
  File "C:\Users\Administrator\Desktop\crime_stat\backend\venv\Lib\site-packages\django\template\defaulttags.py", line 327, in render
    return nodelist.render(context)
           ^^^^^^^^^^^^^^^^^^^^^^^^
  File "C:\Users\Administrator\Desktop\crime_stat\backend\venv\Lib\site-packages\django\template\base.py", line 1008, in render
    return SafeString("".join([node.render_annotated(context) for node in self]))
                               ^^^^^^^^^^^^^^^^^^^^^^^^^^^^^^
  File "C:\Users\Administrator\Desktop\crime_stat\backend\venv\Lib\site-packages\django\template\base.py", line 969, in render_annotated
    return self.render(context)
           ^^^^^^^^^^^^^^^^^^^^
  File "C:\Users\Administrator\Desktop\crime_stat\backend\venv\Lib\site-packages\django\template\defaulttags.py", line 327, in render
    return nodelist.render(context)
           ^^^^^^^^^^^^^^^^^^^^^^^^
  File "C:\Users\Administrator\Desktop\crime_stat\backend\venv\Lib\site-packages\django\template\base.py", line 1008, in render
    return SafeString("".join([node.render_annotated(context) for node in self]))
                               ^^^^^^^^^^^^^^^^^^^^^^^^^^^^^^
  File "C:\Users\Administrator\Desktop\crime_stat\backend\venv\Lib\site-packages\django\template\base.py", line 969, in render_annotated
    return self.render(context)
           ^^^^^^^^^^^^^^^^^^^^
  File "C:\Users\Administrator\Desktop\crime_stat\backend\venv\Lib\site-packages\django\template\base.py", line 1073, in render
    return render_value_in_context(output, context)
           ^^^^^^^^^^^^^^^^^^^^^^^^^^^^^^^^^^^^^^^^
  File "C:\Users\Administrator\Desktop\crime_stat\backend\venv\Lib\site-packages\django\template\base.py", line 1050, in render_value_in_context
    value = str(value)
            ^^^^^^^^^^
  File "C:\Users\Administrator\Desktop\crime_stat\backend\venv\Lib\site-packages\django\forms\utils.py", line 79, in __str__
    return self.as_widget()
           ^^^^^^^^^^^^^^^^
  File "C:\Users\Administrator\Desktop\crime_stat\backend\venv\Lib\site-packages\django\forms\boundfield.py", line 108, in as_widget
    return widget.render(
           ^^^^^^^^^^^^^^
  File "C:\Users\Administrator\Desktop\crime_stat\backend\venv\Lib\site-packages\django\forms\widgets.py", line 279, in render
    return self._render(self.template_name, context, renderer)
           ^^^^^^^^^^^^^^^^^^^^^^^^^^^^^^^^^^^^^^^^^^^^^^^^^^^
  File "C:\Users\Administrator\Desktop\crime_stat\backend\venv\Lib\site-packages\django\forms\widgets.py", line 284, in _render
    return mark_safe(renderer.render(template_name, context))
                     ^^^^^^^^^^^^^^^^^^^^^^^^^^^^^^^^^^^^^^^
  File "C:\Users\Administrator\Desktop\crime_stat\backend\venv\Lib\site-packages\django\forms\renderers.py", line 28, in render
    template = self.get_template(template_name)
               ^^^^^^^^^^^^^^^^^^^^^^^^^^^^^^^^
  File "C:\Users\Administrator\Desktop\crime_stat\backend\venv\Lib\site-packages\django\forms\renderers.py", line 34, in get_template
    return self.engine.get_template(template_name)
           ^^^^^^^^^^^^^^^^^^^^^^^^^^^^^^^^^^^^^^^
  File "C:\Users\Administrator\Desktop\crime_stat\backend\venv\Lib\site-packages\django\template\backends\django.py", line 81, in get_template
    reraise(exc, self)
  File "C:\Users\Administrator\Desktop\crime_stat\backend\venv\Lib\site-packages\django\template\backends\django.py", line 130, in reraise
    raise new from exc
django.template.exceptions.TemplateDoesNotExist: gis/openlayers-osm.html

The above exception was the direct cause of the following exception:

Traceback (most recent call last):
  File "C:\Users\Administrator\Desktop\crime_stat\backend\venv\Lib\site-packages\django\core\handlers\exception.py", line 55, in inner
    response = get_response(request)
               ^^^^^^^^^^^^^^^^^^^^^
  File "C:\Users\Administrator\Desktop\crime_stat\backend\venv\Lib\site-packages\django\core\handlers\base.py", line 220, in _get_response
    response = response.render()
               ^^^^^^^^^^^^^^^^^
  File "C:\Users\Administrator\Desktop\crime_stat\backend\venv\Lib\site-packages\django\template\response.py", line 114, in render
    self.content = self.rendered_content
                   ^^^^^^^^^^^^^^^^^^^^^
  File "C:\Users\Administrator\Desktop\crime_stat\backend\venv\Lib\site-packages\django\template\response.py", line 92, in rendered_content
    return template.render(context, self._request)
           ^^^^^^^^^^^^^^^^^^^^^^^^^^^^^^^^^^^^^^^
  File "C:\Users\Administrator\Desktop\crime_stat\backend\venv\Lib\site-packages\django\template\backends\django.py", line 109, in render
    reraise(exc, self.backend)
  File "C:\Users\Administrator\Desktop\crime_stat\backend\venv\Lib\site-packages\django\template\backends\django.py", line 130, in reraise
    raise new from exc
django.template.exceptions.TemplateDoesNotExist: gis/openlayers-osm.html
ERROR 2025-03-05 23:53:59,392 basehttp "GET /admin/alerts/alert/add/ HTTP/1.1" 500 633174
INFO 2025-03-05 23:56:23,978 basehttp "GET /admin/accounts/userprofile/add/ HTTP/1.1" 200 26107
INFO 2025-03-06 00:00:57,988 autoreload C:\Users\Administrator\Desktop\crime_stat\backend\crime_analysis\settings.py changed, reloading.
INFO 2025-03-06 00:01:04,676 autoreload Watching for file changes with StatReloader
INFO 2025-03-06 00:02:00,787 autoreload C:\Users\Administrator\Desktop\crime_stat\backend\crime_analysis\settings.py changed, reloading.
INFO 2025-03-06 00:02:05,437 autoreload Watching for file changes with StatReloader
INFO 2025-03-06 00:03:45,525 autoreload C:\Users\Administrator\Desktop\crime_stat\backend\alerts\models.py changed, reloading.
INFO 2025-03-06 00:03:51,019 autoreload Watching for file changes with StatReloader
